<?xml version="1.0" encoding="UTF-8"?>
<testsuite xmlns:xsi="http://www.w3.org/2001/XMLSchema-instance" xsi:noNamespaceSchemaLocation="https://maven.apache.org/surefire/maven-surefire-plugin/xsd/surefire-test-report.xsd" version="3.0.2" name="com.justInTime.Service.PartitaConfigServiceTest" time="0.327" tests="11" errors="2" skipped="0" failures="5">
  <properties>
[...]
</properties>
  <testcase name="AggiungiGiocatoreConfig_InserimentoStessoGiocatore" classname="com.justInTime.Service.PartitaConfigServiceTest" time="0.251"/>
  <testcase name="AggiungiGiocatoreConfig_NoPassword" classname="com.justInTime.Service.PartitaConfigServiceTest" time="0.006"/>
  <testcase name="AggiungiGiocatoreConfig_Success" classname="com.justInTime.Service.PartitaConfigServiceTest" time="0.006"/>
  <testcase name="AggiungiGiocatoreConfig_MaxGiocatoriRaggiunto" classname="com.justInTime.Service.PartitaConfigServiceTest" time="0.013"/>
  <testcase name="AggiungiGiocatoreConfig_UtenteNonEsiste" classname="com.justInTime.Service.PartitaConfigServiceTest" time="0.015">
    <failure message="Unexpected exception type thrown, expected: &lt;java.lang.IllegalArgumentException&gt; but was: &lt;java.lang.IllegalStateException&gt;" type="org.opentest4j.AssertionFailedError"><![CDATA[org.opentest4j.AssertionFailedError: Unexpected exception type thrown, expected: <java.lang.IllegalArgumentException> but was: <java.lang.IllegalStateException>
	at org.junit.jupiter.api.AssertionFailureBuilder.build(AssertionFailureBuilder.java:151)
	at org.junit.jupiter.api.AssertThrows.assertThrows(AssertThrows.java:67)
	at org.junit.jupiter.api.AssertThrows.assertThrows(AssertThrows.java:35)
	at org.junit.jupiter.api.Assertions.assertThrows(Assertions.java:3128)
	at com.justInTime.Service.PartitaConfigServiceTest.AggiungiGiocatoreConfig_UtenteNonEsiste(PartitaConfigServiceTest.java:92)
	at java.base/java.lang.reflect.Method.invoke(Method.java:580)
	at java.base/java.util.ArrayList.forEach(ArrayList.java:1597)
	at java.base/java.util.ArrayList.forEach(ArrayList.java:1597)
Caused by: java.lang.IllegalStateException: Utente non presente nella sessione.
	at com.justInTime.service.PartitaConfigService.aggiungiGiocatoreConfig(PartitaConfigService.java:73)
	at com.justInTime.Service.PartitaConfigServiceTest.lambda$0(PartitaConfigServiceTest.java:92)
	at org.junit.jupiter.api.AssertThrows.assertThrows(AssertThrows.java:53)
	... 6 more
]]></failure>
  </testcase>
  <testcase name="RimuoviGiocatore_Successful" classname="com.justInTime.Service.PartitaConfigServiceTest" time="0.004">
    <error message="L&apos;utente è già stato aggiunto" type="java.lang.IllegalArgumentException"><![CDATA[java.lang.IllegalArgumentException: L'utente è già stato aggiunto
	at com.justInTime.service.PartitaConfigService.aggiungiGiocatoreConfig(PartitaConfigService.java:78)
	at com.justInTime.Service.PartitaConfigServiceTest.RimuoviGiocatore_Successful(PartitaConfigServiceTest.java:346)
	at java.base/java.lang.reflect.Method.invoke(Method.java:580)
	at java.base/java.util.ArrayList.forEach(ArrayList.java:1597)
	at java.base/java.util.ArrayList.forEach(ArrayList.java:1597)
]]></error>
  </testcase>
  <testcase name="testCreazionePartita_Successful" classname="com.justInTime.Service.PartitaConfigServiceTest" time="0.006">
    <error message="Cannot invoke &quot;String.equals(Object)&quot; because the return value of &quot;com.justInTime.model.Utente.getUsername()&quot; is null" type="java.lang.NullPointerException"><![CDATA[java.lang.NullPointerException: Cannot invoke "String.equals(Object)" because the return value of "com.justInTime.model.Utente.getUsername()" is null
	at com.justInTime.service.PartitaConfigService.aggiungiGiocatoreConfig(PartitaConfigService.java:87)
	at com.justInTime.Service.PartitaConfigServiceTest.testCreazionePartita_Successful(PartitaConfigServiceTest.java:281)
	at java.base/java.lang.reflect.Method.invoke(Method.java:580)
	at java.base/java.util.ArrayList.forEach(ArrayList.java:1597)
	at java.base/java.util.ArrayList.forEach(ArrayList.java:1597)
]]></error>
  </testcase>
  <testcase name="RimuoviGiocatore_NessunGiocatoreAggiunto" classname="com.justInTime.Service.PartitaConfigServiceTest" time="0.005">
    <failure message="Expected java.lang.IllegalArgumentException to be thrown, but nothing was thrown." type="org.opentest4j.AssertionFailedError"><![CDATA[org.opentest4j.AssertionFailedError: Expected java.lang.IllegalArgumentException to be thrown, but nothing was thrown.
	at org.junit.jupiter.api.AssertionFailureBuilder.build(AssertionFailureBuilder.java:152)
	at org.junit.jupiter.api.AssertThrows.assertThrows(AssertThrows.java:73)
	at org.junit.jupiter.api.AssertThrows.assertThrows(AssertThrows.java:35)
	at org.junit.jupiter.api.Assertions.assertThrows(Assertions.java:3128)
	at com.justInTime.Service.PartitaConfigServiceTest.RimuoviGiocatore_NessunGiocatoreAggiunto(PartitaConfigServiceTest.java:318)
	at java.base/java.lang.reflect.Method.invoke(Method.java:580)
	at java.base/java.util.ArrayList.forEach(ArrayList.java:1597)
	at java.base/java.util.ArrayList.forEach(ArrayList.java:1597)
]]></failure>
  </testcase>
  <testcase name="testCreazionePartita_NonCiSonoAbbastanzaGiocatori" classname="com.justInTime.Service.PartitaConfigServiceTest" time="0.005">
    <failure message="Unexpected exception type thrown, expected: &lt;java.lang.IllegalArgumentException&gt; but was: &lt;java.lang.NullPointerException&gt;" type="org.opentest4j.AssertionFailedError"><![CDATA[org.opentest4j.AssertionFailedError: Unexpected exception type thrown, expected: <java.lang.IllegalArgumentException> but was: <java.lang.NullPointerException>
	at org.junit.jupiter.api.AssertionFailureBuilder.build(AssertionFailureBuilder.java:151)
	at org.junit.jupiter.api.AssertThrows.assertThrows(AssertThrows.java:67)
	at org.junit.jupiter.api.AssertThrows.assertThrows(AssertThrows.java:35)
	at org.junit.jupiter.api.Assertions.assertThrows(Assertions.java:3128)
	at com.justInTime.Service.PartitaConfigServiceTest.testCreazionePartita_NonCiSonoAbbastanzaGiocatori(PartitaConfigServiceTest.java:242)
	at java.base/java.lang.reflect.Method.invoke(Method.java:580)
	at java.base/java.util.ArrayList.forEach(ArrayList.java:1597)
	at java.base/java.util.ArrayList.forEach(ArrayList.java:1597)
Caused by: java.lang.NullPointerException: Cannot invoke "String.equals(Object)" because the return value of "com.justInTime.model.Utente.getUsername()" is null
	at com.justInTime.service.PartitaConfigService.aggiungiGiocatoreConfigNOLOGIN(PartitaConfigService.java:134)
	at com.justInTime.service.PartitaConfigService.creaPartita(PartitaConfigService.java:180)
	at com.justInTime.Service.PartitaConfigServiceTest.lambda$6(PartitaConfigServiceTest.java:242)
	at org.junit.jupiter.api.AssertThrows.assertThrows(AssertThrows.java:53)
	... 6 more
]]></failure>
  </testcase>
  <testcase name="AggiungiGiocatoreConfig_PasswordNonCorrisponde" classname="com.justInTime.Service.PartitaConfigServiceTest" time="0.006">
    <failure message="Unexpected exception type thrown, expected: &lt;java.lang.IllegalArgumentException&gt; but was: &lt;java.lang.IllegalStateException&gt;" type="org.opentest4j.AssertionFailedError"><![CDATA[org.opentest4j.AssertionFailedError: Unexpected exception type thrown, expected: <java.lang.IllegalArgumentException> but was: <java.lang.IllegalStateException>
	at org.junit.jupiter.api.AssertionFailureBuilder.build(AssertionFailureBuilder.java:151)
	at org.junit.jupiter.api.AssertThrows.assertThrows(AssertThrows.java:67)
	at org.junit.jupiter.api.AssertThrows.assertThrows(AssertThrows.java:35)
	at org.junit.jupiter.api.Assertions.assertThrows(Assertions.java:3128)
	at com.justInTime.Service.PartitaConfigServiceTest.AggiungiGiocatoreConfig_PasswordNonCorrisponde(PartitaConfigServiceTest.java:113)
	at java.base/java.lang.reflect.Method.invoke(Method.java:580)
	at java.base/java.util.ArrayList.forEach(ArrayList.java:1597)
	at java.base/java.util.ArrayList.forEach(ArrayList.java:1597)
Caused by: java.lang.IllegalStateException: Utente non presente nella sessione.
	at com.justInTime.service.PartitaConfigService.aggiungiGiocatoreConfig(PartitaConfigService.java:73)
	at com.justInTime.Service.PartitaConfigServiceTest.lambda$1(PartitaConfigServiceTest.java:113)
	at org.junit.jupiter.api.AssertThrows.assertThrows(AssertThrows.java:53)
	... 6 more
]]></failure>
  </testcase>
  <testcase name="AggiungiGiocatoreConfig_NoUsernameOrEmail" classname="com.justInTime.Service.PartitaConfigServiceTest" time="0.006">
    <failure message="Unexpected exception type thrown, expected: &lt;java.lang.IllegalArgumentException&gt; but was: &lt;java.lang.NullPointerException&gt;" type="org.opentest4j.AssertionFailedError"><![CDATA[org.opentest4j.AssertionFailedError: Unexpected exception type thrown, expected: <java.lang.IllegalArgumentException> but was: <java.lang.NullPointerException>
	at org.junit.jupiter.api.AssertionFailureBuilder.build(AssertionFailureBuilder.java:151)
	at org.junit.jupiter.api.AssertThrows.assertThrows(AssertThrows.java:67)
	at org.junit.jupiter.api.AssertThrows.assertThrows(AssertThrows.java:35)
	at org.junit.jupiter.api.Assertions.assertThrows(Assertions.java:3128)
	at com.justInTime.Service.PartitaConfigServiceTest.AggiungiGiocatoreConfig_NoUsernameOrEmail(PartitaConfigServiceTest.java:132)
	at java.base/java.lang.reflect.Method.invoke(Method.java:580)
	at java.base/java.util.ArrayList.forEach(ArrayList.java:1597)
	at java.base/java.util.ArrayList.forEach(ArrayList.java:1597)
Caused by: java.lang.NullPointerException: Cannot invoke "String.equals(Object)" because "usernameOrEmail" is null
	at com.justInTime.service.PartitaConfigService.aggiungiGiocatoreConfig(PartitaConfigService.java:77)
	at com.justInTime.Service.PartitaConfigServiceTest.lambda$2(PartitaConfigServiceTest.java:132)
	at org.junit.jupiter.api.AssertThrows.assertThrows(AssertThrows.java:53)
	... 6 more
]]></failure>
  </testcase>
</testsuite>